#
# There is insufficient memory for the Java Runtime Environment to continue.
# Native memory allocation (mmap) failed to map 130023424 bytes for G1 virtual space
# Possible reasons:
#   The system is out of physical RAM or swap space
#   The process is running with CompressedOops enabled, and the Java Heap may be blocking the growth of the native heap
# Possible solutions:
#   Reduce memory load on the system
#   Increase physical memory or swap space
#   Check if swap backing store is full
#   Decrease Java heap size (-Xmx/-Xms)
#   Decrease number of Java threads
#   Decrease Java thread stack sizes (-Xss)
#   Set larger code cache with -XX:ReservedCodeCacheSize=
#   JVM is running with Unscaled Compressed Oops mode in which the Java heap is
#     placed in the first 4GB address space. The Java Heap base address is the
#     maximum limit for the native heap growth. Please use -XX:HeapBaseMinAddress
#     to set the Java Heap base and to place the Java Heap above 4GB virtual address.
# This output file may be truncated or incomplete.
#
#  Out of Memory Error (os_windows.cpp:3527), pid=22212, tid=28632
#
# JRE version:  (19.0+36) (build )
# Java VM: Java HotSpot(TM) 64-Bit Server VM (19+36-2238, mixed mode, sharing, tiered, compressed oops, compressed class ptrs, g1 gc, windows-amd64)
# No core dump will be written. Minidumps are not enabled by default on client versions of Windows
#

---------------  S U M M A R Y ------------

Command Line: -Dfile.encoding=UTF-8 --module-path=C:\Users\sharm\Documents\NetBeansProjects\bank management system\build\classes bank.management.system.Signupone

Host: 11th Gen Intel(R) Core(TM) i3-1115G4 @ 3.00GHz, 4 cores, 7G,  Windows 11 , 64 bit Build 22621 (10.0.22621.3085)
Time: Thu Feb 29 22:59:02 2024 India Standard Time elapsed time: 0.014747 seconds (0d 0h 0m 0s)

---------------  T H R E A D  ---------------

Current thread (0x0000022426d7b0c0):  JavaThread "Unknown thread" [_thread_in_vm, id=28632, stack(0x000000d0e2800000,0x000000d0e2900000)]

Stack: [0x000000d0e2800000,0x000000d0e2900000]
Native frames: (J=compiled Java code, j=interpreted, Vv=VM code, C=native code)
V  [jvm.dll+0x6ee8fa]
V  [jvm.dll+0x857a1e]
V  [jvm.dll+0x85940e]
V  [jvm.dll+0x859ac3]
V  [jvm.dll+0x28291f]
V  [jvm.dll+0x6eb6e9]
V  [jvm.dll+0x6e028a]
V  [jvm.dll+0x357136]
V  [jvm.dll+0x35eb96]
V  [jvm.dll+0x3b555e]
V  [jvm.dll+0x3b578f]
V  [jvm.dll+0x32c6ea]
V  [jvm.dll+0x32d59e]
V  [jvm.dll+0x821b20]
V  [jvm.dll+0x3c27c1]
V  [jvm.dll+0x8022f1]
V  [jvm.dll+0x44b30f]
V  [jvm.dll+0x44cc91]
C  [jli.dll+0x5287]
C  [ucrtbase.dll+0x29363]
C  [KERNEL32.DLL+0x1257d]
C  [ntdll.dll+0x5aa58]


---------------  P R O C E S S  ---------------

Threads class SMR info:
_java_thread_list=0x00007ffb8109d048, length=0, elements={
}

Java Threads: ( => current thread )

Other Threads:
  0x0000022426dd9590 WorkerThread "GC Thread#0" [stack: 0x000000d0e2900000,0x000000d0e2a00000] [id=25712]
  0x0000022426de9b90 ConcurrentGCThread "G1 Main Marker" [stack: 0x000000d0e2a00000,0x000000d0e2b00000] [id=16204]
  0x0000022426dea5c0 WorkerThread "G1 Conc#0" [stack: 0x000000d0e2b00000,0x000000d0e2c00000] [id=8044]

[error occurred during error reporting (printing all threads), id 0xc0000005, EXCEPTION_ACCESS_VIOLATION (0xc0000005) at pc=0x00007ffb8085d127]

VM state: not at safepoint (not fully initialized)

VM Mutex/Monitor currently owned by a thread:  ([mutex/lock_event])
[0x0000022426d76cd0] Heap_lock - owner thread: 0x0000022426d7b0c0

Heap address: 0x0000000085800000, size: 1960 MB, Compressed Oops mode: 32-bit

CDS archive(s) mapped at: [0x0000000000000000-0x0000000000000000-0x0000000000000000), size 0, SharedBaseAddress: 0x0000000800000000, ArchiveRelocationMode: 0.
Narrow klass base: 0x0000000000000000, Narrow klass shift: 0, Narrow klass range: 0x0

GC Precious Log:
 CardTable entry size: 512
 Card Set container configuration: InlinePtr #cards 5 size 8 Array Of Cards #cards 12 size 40 Howl #buckets 4 coarsen threshold 1843 Howl Bitmap #cards 512 size 80 coarsen threshold 460 Card regions per heap region 1 cards per card region 2048

Heap:
 garbage-first heap   total 0K, used 0K [0x0000000085800000, 0x0000000100000000)
  region size 1024K, 0 young (0K), 0 survivors (0K)

[error occurred during error reporting (printing heap information), id 0xc0000005, EXCEPTION_ACCESS_VIOLATION (0xc0000005) at pc=0x00007ffb80c66959]

GC Heap History (0 events):
No events

Dll operation events (1 events):
Event: 0.011 Loaded shared library C:\Program Files\Java\jdk-19\bin\java.dll

Deoptimization events (0 events):
No events

Classes loaded (0 events):
No events

Classes unloaded (0 events):
No events

Classes redefined (0 events):
No events

Internal exceptions (0 events):
No events

VM Operations (0 events):
No events

Events (0 events):
No events


Dynamic libraries:
0x00007ff6a29e0000 - 0x00007ff6a29f0000 	C:\Program Files\Java\jdk-19\bin\java.exe
0x00007ffbd8fd0000 - 0x00007ffbd91e7000 	C:\WINDOWS\SYSTEM32\ntdll.dll
0x00007ffbd73e0000 - 0x00007ffbd74a4000 	C:\WINDOWS\System32\KERNEL32.DLL
0x00007ffbd64d0000 - 0x00007ffbd6876000 	C:\WINDOWS\System32\KERNELBASE.dll
0x00007ffbd63b0000 - 0x00007ffbd64c1000 	C:\WINDOWS\System32\ucrtbase.dll
0x00007ffbb89f0000 - 0x00007ffbb8a08000 	C:\Program Files\Java\jdk-19\bin\jli.dll
0x00007ffb9bc30000 - 0x00007ffb9bc4b000 	C:\Program Files\Java\jdk-19\bin\VCRUNTIME140.dll
0x00007ffbd8bf0000 - 0x00007ffbd8ca3000 	C:\WINDOWS\System32\ADVAPI32.dll
0x00007ffbd8b40000 - 0x00007ffbd8be7000 	C:\WINDOWS\System32\msvcrt.dll
0x00007ffbd6f20000 - 0x00007ffbd6fc8000 	C:\WINDOWS\System32\sechost.dll
0x00007ffbd6bb0000 - 0x00007ffbd6bd8000 	C:\WINDOWS\System32\bcrypt.dll
0x00007ffbd8e10000 - 0x00007ffbd8f27000 	C:\WINDOWS\System32\RPCRT4.dll
0x00007ffbd76b0000 - 0x00007ffbd785e000 	C:\WINDOWS\System32\USER32.dll
0x00007ffbd69a0000 - 0x00007ffbd69c6000 	C:\WINDOWS\System32\win32u.dll
0x00007ffbd6ef0000 - 0x00007ffbd6f19000 	C:\WINDOWS\System32\GDI32.dll
0x00007ffbd6880000 - 0x00007ffbd6998000 	C:\WINDOWS\System32\gdi32full.dll
0x00007ffbd6310000 - 0x00007ffbd63aa000 	C:\WINDOWS\System32\msvcp_win.dll
0x00007ffbca070000 - 0x00007ffbca07a000 	C:\WINDOWS\SYSTEM32\VERSION.dll
0x00007ffbb0ce0000 - 0x00007ffbb0f73000 	C:\WINDOWS\WinSxS\amd64_microsoft.windows.common-controls_6595b64144ccf1df_6.0.22621.2506_none_270c5ae97388e100\COMCTL32.dll
0x00007ffbd7b60000 - 0x00007ffbd7b91000 	C:\WINDOWS\System32\IMM32.DLL
0x00007ffbb6880000 - 0x00007ffbb688c000 	C:\Program Files\Java\jdk-19\bin\vcruntime140_1.dll
0x00007ffb82d90000 - 0x00007ffb82e1e000 	C:\Program Files\Java\jdk-19\bin\msvcp140.dll
0x00007ffb80520000 - 0x00007ffb811e0000 	C:\Program Files\Java\jdk-19\bin\server\jvm.dll
0x00007ffbb69e0000 - 0x00007ffbb69e9000 	C:\WINDOWS\SYSTEM32\WSOCK32.dll
0x00007ffbd6fd0000 - 0x00007ffbd7041000 	C:\WINDOWS\System32\WS2_32.dll
0x00007ffbca770000 - 0x00007ffbca7a4000 	C:\WINDOWS\SYSTEM32\WINMM.dll
0x00007ffbd5320000 - 0x00007ffbd5338000 	C:\WINDOWS\SYSTEM32\kernel.appcore.dll
0x00007ffbb67e0000 - 0x00007ffbb67ea000 	C:\Program Files\Java\jdk-19\bin\jimage.dll
0x00007ffbd3b30000 - 0x00007ffbd3d63000 	C:\WINDOWS\SYSTEM32\DBGHELP.DLL
0x00007ffbd7050000 - 0x00007ffbd73d9000 	C:\WINDOWS\System32\combase.dll
0x00007ffbd6d80000 - 0x00007ffbd6e57000 	C:\WINDOWS\System32\OLEAUT32.dll
0x00007ffbbe1d0000 - 0x00007ffbbe202000 	C:\WINDOWS\SYSTEM32\dbgcore.DLL
0x00007ffbd6ca0000 - 0x00007ffbd6d1a000 	C:\WINDOWS\System32\bcryptPrimitives.dll
0x00007ffb9bb80000 - 0x00007ffb9bba6000 	C:\Program Files\Java\jdk-19\bin\java.dll

dbghelp: loaded successfully - version: 4.0.5 - missing functions: none
symbol engine: initialized successfully - sym options: 0x614 - pdb path: .;C:\Program Files\Java\jdk-19\bin;C:\WINDOWS\SYSTEM32;C:\WINDOWS\WinSxS\amd64_microsoft.windows.common-controls_6595b64144ccf1df_6.0.22621.2506_none_270c5ae97388e100;C:\Program Files\Java\jdk-19\bin\server

VM Arguments:
jvm_args: -Dfile.encoding=UTF-8 --module-path=C:\Users\sharm\Documents\NetBeansProjects\bank management system\build\classes 
java_command: bank.management.system.Signupone
java_class_path (initial): C:\Users\sharm\Documents\NetBeansProjects\bank management system\build\classes
Launcher Type: SUN_STANDARD

[Global flags]
     intx CICompilerCount                          = 3                                         {product} {ergonomic}
     uint ConcGCThreads                            = 1                                         {product} {ergonomic}
     uint G1ConcRefinementThreads                  = 4                                         {product} {ergonomic}
   size_t G1HeapRegionSize                         = 1048576                                   {product} {ergonomic}
    uintx GCDrainStackTargetSize                   = 64                                        {product} {ergonomic}
   size_t InitialHeapSize                          = 130023424                                 {product} {ergonomic}
   size_t MarkStackSize                            = 4194304                                   {product} {ergonomic}
   size_t MaxHeapSize                              = 2055208960                                {product} {ergonomic}
   size_t MinHeapDeltaBytes                        = 1048576                                   {product} {ergonomic}
   size_t MinHeapSize                              = 8388608                                   {product} {ergonomic}
    uintx NonNMethodCodeHeapSize                   = 5832780                                {pd product} {ergonomic}
    uintx NonProfiledCodeHeapSize                  = 122912730                              {pd product} {ergonomic}
    uintx ProfiledCodeHeapSize                     = 122912730                              {pd product} {ergonomic}
    uintx ReservedCodeCacheSize                    = 251658240                              {pd product} {ergonomic}
     bool SegmentedCodeCache                       = true                                      {product} {ergonomic}
   size_t SoftMaxHeapSize                          = 2055208960                             {manageable} {ergonomic}
     bool UseCompressedClassPointers               = true                           {product lp64_product} {ergonomic}
     bool UseCompressedOops                        = true                           {product lp64_product} {ergonomic}
     bool UseG1GC                                  = true                                      {product} {ergonomic}
     bool UseLargePagesIndividualAllocation        = false                                  {pd product} {ergonomic}

Logging:
Log output configuration:
 #0: stdout all=warning uptime,level,tags foldmultilines=false
 #1: stderr all=off uptime,level,tags foldmultilines=false

Environment Variables:
PATH=C:\Program Files\Common Files\Oracle\Java\javapath;C:\ProgramData\Oracle\Java\javapath;C:\WINDOWS\system32;C:\WINDOWS;C:\WINDOWS\System32\Wbem;C:\WINDOWS\System32\WindowsPowerShell\v1.0\;C:\WINDOWS\System32\OpenSSH\;C:\MinGW\bin;C:\Program Files\MySQL\MySQL Shell 8.0\bin\;C:\Users\sharm\AppData\Local\Microsoft\WindowsApps;C:\Users\sharm\AppData\Local\Programs\Microsoft VS Code\bin;C:\MinGW\bin;;C:\Program Files\JetBrains\IntelliJ IDEA Community Edition 2022.2.3\bin;;C:\Program Files\JetBrains\IntelliJ IDEA Educational Edition 2022.2.2\bin;
USERNAME=AADIT
OS=Windows_NT
PROCESSOR_IDENTIFIER=Intel64 Family 6 Model 140 Stepping 2, GenuineIntel
TMP=C:\Users\sharm\AppData\Local\Temp
TEMP=C:\Users\sharm\AppData\Local\Temp



---------------  S Y S T E M  ---------------

OS:
 Windows 11 , 64 bit Build 22621 (10.0.22621.3085)
OS uptime: 13 days 22:06 hours
Hyper-V role detected

CPU: total 4 (initial active 4) (2 cores per cpu, 2 threads per core) family 6 model 140 stepping 2 microcode 0x34, cx8, cmov, fxsr, ht, mmx, 3dnowpref, sse, sse2, sse3, ssse3, sse4.1, sse4.2, popcnt, lzcnt, tsc, tscinvbit, avx, avx2, aes, erms, clmul, bmi1, bmi2, adx, avx512f, avx512dq, avx512cd, avx512bw, avx512vl, sha, fma, vzeroupper, avx512_vpopcntdq, avx512_vpclmulqdq, avx512_vaes, avx512_vnni, clflush, clflushopt, clwb, avx512_vbmi2, avx512_vbmi, hv, rdtscp, rdpid, fsrm, gfni, avx512_bitalg

Memory: 4k page, system-wide physical 7835M (4032M free)
TotalPageFile size 28801M (AvailPageFile size 94M)
current process WorkingSet (physical memory assigned to process): 11M, peak: 11M
current process commit charge ("private bytes"): 52M, peak: 176M

vm_info: Java HotSpot(TM) 64-Bit Server VM (19+36-2238) for windows-amd64 JRE (19+36-2238), built on 2022-08-12T20:29:01Z by "mach5one" with MS VC++ 17.1 (VS2022)

END.
