#
# There is insufficient memory for the Java Runtime Environment to continue.
# Native memory allocation (mmap) failed to map 65536 bytes for Failed to commit metaspace.
# Possible reasons:
#   The system is out of physical RAM or swap space
#   The process is running with CompressedOops enabled, and the Java Heap may be blocking the growth of the native heap
# Possible solutions:
#   Reduce memory load on the system
#   Increase physical memory or swap space
#   Check if swap backing store is full
#   Decrease Java heap size (-Xmx/-Xms)
#   Decrease number of Java threads
#   Decrease Java thread stack sizes (-Xss)
#   Set larger code cache with -XX:ReservedCodeCacheSize=
#   JVM is running with Unscaled Compressed Oops mode in which the Java heap is
#     placed in the first 4GB address space. The Java Heap base address is the
#     maximum limit for the native heap growth. Please use -XX:HeapBaseMinAddress
#     to set the Java Heap base and to place the Java Heap above 4GB virtual address.
# This output file may be truncated or incomplete.
#
#  Out of Memory Error (virtualSpaceNode.cpp:110), pid=30948, tid=28264
#
# JRE version: Java(TM) SE Runtime Environment (19.0+36) (build 19+36-2238)
# Java VM: Java HotSpot(TM) 64-Bit Server VM (19+36-2238, mixed mode, tiered, compressed oops, compressed class ptrs, g1 gc, windows-amd64)
# No core dump will be written. Minidumps are not enabled by default on client versions of Windows
#

---------------  S U M M A R Y ------------

Command Line: -Dfile.encoding=UTF-8 --module-path=C:\Users\sharm\Documents\NetBeansProjects\bank management system\build\classes bank.management.system.Transactions

Host: 11th Gen Intel(R) Core(TM) i3-1115G4 @ 3.00GHz, 4 cores, 7G,  Windows 11 , 64 bit Build 22621 (10.0.22621.3235)
Time: Tue Mar 19 04:49:58 2024 India Standard Time elapsed time: 0.135802 seconds (0d 0h 0m 0s)

---------------  T H R E A D  ---------------

Current thread (0x000001720765cce0):  JavaThread "main" [_thread_in_vm, id=28264, stack(0x000000100f000000,0x000000100f100000)]

Stack: [0x000000100f000000,0x000000100f100000]
Native frames: (J=compiled Java code, j=interpreted, Vv=VM code, C=native code)
V  [jvm.dll+0x6ee8fa]
V  [jvm.dll+0x857a1e]
V  [jvm.dll+0x85940e]
V  [jvm.dll+0x859ac3]
V  [jvm.dll+0x28291f]
V  [jvm.dll+0x85369b]
V  [jvm.dll+0x693276]
V  [jvm.dll+0x1f29b7]
V  [jvm.dll+0x695cb2]
V  [jvm.dll+0x695a9e]
V  [jvm.dll+0x693c9e]
V  [jvm.dll+0x3c500f]
V  [jvm.dll+0x21608b]
V  [jvm.dll+0x5aa300]
V  [jvm.dll+0x7cd948]
V  [jvm.dll+0x7cd86a]
V  [jvm.dll+0x46b72d]
V  [jvm.dll+0x47d90d]
C  [java.dll+0x1657]

Java frames: (J=compiled Java code, j=interpreted, Vv=VM code)
j  java.lang.ClassLoader.defineClass0(Ljava/lang/ClassLoader;Ljava/lang/Class;Ljava/lang/String;[BIILjava/security/ProtectionDomain;ZILjava/lang/Object;)Ljava/lang/Class;+0 java.base@19
j  java.lang.System$2.defineClass(Ljava/lang/ClassLoader;Ljava/lang/Class;Ljava/lang/String;[BLjava/security/ProtectionDomain;ZILjava/lang/Object;)Ljava/lang/Class;+17 java.base@19
j  java.lang.invoke.MethodHandles$Lookup$ClassDefiner.defineClass(ZLjava/lang/Object;)Ljava/lang/Class;+54 java.base@19
j  java.lang.invoke.InvokerBytecodeGenerator.loadMethod([B)Ljava/lang/invoke/MemberName;+19 java.base@19
j  java.lang.invoke.InvokerBytecodeGenerator.generateCustomizedCode(Ljava/lang/invoke/LambdaForm;Ljava/lang/invoke/MethodType;)Ljava/lang/invoke/MemberName;+30 java.base@19
j  java.lang.invoke.LambdaForm.compileToBytecode()V+69 java.base@19
j  java.lang.invoke.LambdaForm.prepare()V+21 java.base@19
j  java.lang.invoke.MethodHandle.<init>(Ljava/lang/invoke/MethodType;Ljava/lang/invoke/LambdaForm;)V+33 java.base@19
j  java.lang.invoke.BoundMethodHandle.<init>(Ljava/lang/invoke/MethodType;Ljava/lang/invoke/LambdaForm;)V+3 java.base@19
j  java.lang.invoke.BoundMethodHandle$Species_L.<init>(Ljava/lang/invoke/MethodType;Ljava/lang/invoke/LambdaForm;Ljava/lang/Object;)V+3 java.base@19
j  java.lang.invoke.BoundMethodHandle$Species_L.copyWith(Ljava/lang/invoke/MethodType;Ljava/lang/invoke/LambdaForm;)Ljava/lang/invoke/BoundMethodHandle;+10 java.base@19
j  java.lang.invoke.MethodHandles.dropArgumentsTrusted(Ljava/lang/invoke/MethodHandle;I[Ljava/lang/Class;)Ljava/lang/invoke/MethodHandle;+103 java.base@19
j  java.lang.invoke.MethodHandles.dropArguments(Ljava/lang/invoke/MethodHandle;I[Ljava/lang/Class;)Ljava/lang/invoke/MethodHandle;+9 java.base@19
j  jdk.internal.reflect.MethodHandleAccessorFactory.makeSpecializedTarget(Ljava/lang/invoke/MethodHandle;ZZ)Ljava/lang/invoke/MethodHandle;+86 java.base@19
j  jdk.internal.reflect.MethodHandleAccessorFactory.getDirectMethod(Ljava/lang/reflect/Method;Z)Ljava/lang/invoke/MethodHandle;+79 java.base@19
j  jdk.internal.reflect.MethodHandleAccessorFactory.newMethodAccessor(Ljava/lang/reflect/Method;Z)Ljdk/internal/reflect/MethodAccessorImpl;+41 java.base@19
j  jdk.internal.reflect.ReflectionFactory.newMethodAccessor(Ljava/lang/reflect/Method;Z)Ljdk/internal/reflect/MethodAccessor;+28 java.base@19
j  java.lang.reflect.Method.acquireMethodAccessor()Ljdk/internal/reflect/MethodAccessor;+38 java.base@19
j  java.lang.reflect.Method.invoke(Ljava/lang/Object;[Ljava/lang/Object;)Ljava/lang/Object;+75 java.base@19
j  java.lang.Class.getEnumConstantsShared()[Ljava/lang/Object;+49 java.base@19
j  java.lang.System$2.getEnumConstantsShared(Ljava/lang/Class;)[Ljava/lang/Enum;+1 java.base@19
j  java.util.EnumMap.getKeyUniverse(Ljava/lang/Class;)[Ljava/lang/Enum;+4 java.base@19
j  java.util.EnumMap.<init>(Ljava/lang/Class;)V+16 java.base@19
j  java.util.stream.StreamOpFlag.set(Ljava/util/stream/StreamOpFlag$Type;)Ljava/util/stream/StreamOpFlag$MaskBuilder;+10 java.base@19
j  java.util.stream.StreamOpFlag.<clinit>()V+11 java.base@19
v  ~StubRoutines::call_stub 0x0000017216ae10e8
j  java.util.stream.StreamSupport.stream(Ljava/util/Spliterator;Z)Ljava/util/stream/Stream;+11 java.base@19
j  java.util.Collection.stream()Ljava/util/stream/Stream;+7 java.base@19
j  jdk.internal.module.DefaultRoots.compute(Ljava/lang/module/ModuleFinder;Ljava/lang/module/ModuleFinder;)Ljava/util/Set;+6 java.base@19
j  jdk.internal.module.ModuleBootstrap.boot2()Ljava/lang/ModuleLayer;+727 java.base@19
j  jdk.internal.module.ModuleBootstrap.boot()Ljava/lang/ModuleLayer;+64 java.base@19
j  java.lang.System.initPhase2(ZZ)I+0 java.base@19
v  ~StubRoutines::call_stub 0x0000017216ae10e8

---------------  P R O C E S S  ---------------

Threads class SMR info:
_java_thread_list=0x000001722956c100, length=10, elements={
0x000001720765cce0, 0x0000017229541550, 0x0000017229542e90, 0x000001722955e990,
0x000001722955f2c0, 0x0000017229561c00, 0x0000017229562940, 0x000001722954b0d0,
0x000001722956f1d0, 0x0000017229579320
}

Java Threads: ( => current thread )
=>0x000001720765cce0 JavaThread "main" [_thread_in_vm, id=28264, stack(0x000000100f000000,0x000000100f100000)]
  0x0000017229541550 JavaThread "Reference Handler" daemon [_thread_blocked, id=4892, stack(0x000000100f700000,0x000000100f800000)]
  0x0000017229542e90 JavaThread "Finalizer" daemon [_thread_blocked, id=27860, stack(0x000000100f800000,0x000000100f900000)]
  0x000001722955e990 JavaThread "Signal Dispatcher" daemon [_thread_blocked, id=31480, stack(0x000000100f900000,0x000000100fa00000)]
  0x000001722955f2c0 JavaThread "Attach Listener" daemon [_thread_blocked, id=16852, stack(0x000000100fa00000,0x000000100fb00000)]
  0x0000017229561c00 JavaThread "Service Thread" daemon [_thread_blocked, id=31460, stack(0x000000100fb00000,0x000000100fc00000)]
  0x0000017229562940 JavaThread "Monitor Deflation Thread" daemon [_thread_blocked, id=30824, stack(0x000000100fc00000,0x000000100fd00000)]
  0x000001722954b0d0 JavaThread "C2 CompilerThread0" daemon [_thread_blocked, id=15904, stack(0x000000100fd00000,0x000000100fe00000)]
  0x000001722956f1d0 JavaThread "C1 CompilerThread0" daemon [_thread_blocked, id=15732, stack(0x000000100fe00000,0x000000100ff00000)]
  0x0000017229579320 JavaThread "Sweeper thread" daemon [_thread_blocked, id=30560, stack(0x000000100ff00000,0x0000001010000000)]

Other Threads:
  0x00000172253581c0 VMThread "VM Thread" [stack: 0x000000100f600000,0x000000100f700000] [id=25808]
  0x00000172076bb340 WorkerThread "GC Thread#0" [stack: 0x000000100f100000,0x000000100f200000] [id=24516]
  0x00000172076cb7a0 ConcurrentGCThread "G1 Main Marker" [stack: 0x000000100f200000,0x000000100f300000] [id=23916]
  0x00000172076cc370 WorkerThread "G1 Conc#0" [stack: 0x000000100f300000,0x000000100f400000] [id=30680]
  0x000001720771e0e0 ConcurrentGCThread "G1 Refine#0" [stack: 0x000000100f400000,0x000000100f500000] [id=16636]
  0x000001720771eb20 ConcurrentGCThread "G1 Service" [stack: 0x000000100f500000,0x000000100f600000] [id=27632]

Threads with active compile tasks:

VM state: not at safepoint (normal execution)

VM Mutex/Monitor currently owned by a thread:  ([mutex/lock_event])
[0x0000017207656e70] Metaspace_lock - owner thread: 0x000001720765cce0

Heap address: 0x0000000085800000, size: 1960 MB, Compressed Oops mode: 32-bit

CDS archive(s) not mapped
Compressed class space mapped at: 0x0000000100000000-0x0000000140000000, reserved size: 1073741824
Narrow klass base: 0x0000000000000000, Narrow klass shift: 3, Narrow klass range: 0x140000000

GC Precious Log:
 CardTable entry size: 512
 Card Set container configuration: InlinePtr #cards 5 size 8 Array Of Cards #cards 12 size 40 Howl #buckets 4 coarsen threshold 1843 Howl Bitmap #cards 512 size 80 coarsen threshold 460 Card regions per heap region 1 cards per card region 2048
 CPUs: 4 total, 4 available
 Memory: 7835M
 Large Page Support: Disabled
 NUMA Support: Disabled
 Compressed Oops: Enabled (32-bit)
 Heap Region Size: 1M
 Heap Min Capacity: 8M
 Heap Initial Capacity: 124M
 Heap Max Capacity: 1960M
 Pre-touch: Disabled
 Parallel Workers: 4
 Concurrent Workers: 1
 Concurrent Refinement Workers: 4
 Periodic GC: Disabled

Heap:
 garbage-first heap   total 126976K, used 1024K [0x0000000085800000, 0x0000000100000000)
  region size 1024K, 2 young (2048K), 0 survivors (0K)
 Metaspace       used 5064K, committed 5184K, reserved 1114112K
  class space    used 371K, committed 384K, reserved 1048576K

Heap Regions: E=young(eden), S=young(survivor), O=old, HS=humongous(starts), HC=humongous(continues), CS=collection set, F=free, OA=open archive, CA=closed archive, TAMS=top-at-mark-start (previous, next)
|   0|0x0000000085800000, 0x0000000085800000, 0x0000000085900000|  0%| F|  |TAMS 0x0000000085800000, 0x0000000085800000| Untracked 
|   1|0x0000000085900000, 0x0000000085900000, 0x0000000085a00000|  0%| F|  |TAMS 0x0000000085900000, 0x0000000085900000| Untracked 
|   2|0x0000000085a00000, 0x0000000085a00000, 0x0000000085b00000|  0%| F|  |TAMS 0x0000000085a00000, 0x0000000085a00000| Untracked 
|   3|0x0000000085b00000, 0x0000000085b00000, 0x0000000085c00000|  0%| F|  |TAMS 0x0000000085b00000, 0x0000000085b00000| Untracked 
|   4|0x0000000085c00000, 0x0000000085c00000, 0x0000000085d00000|  0%| F|  |TAMS 0x0000000085c00000, 0x0000000085c00000| Untracked 
|   5|0x0000000085d00000, 0x0000000085d00000, 0x0000000085e00000|  0%| F|  |TAMS 0x0000000085d00000, 0x0000000085d00000| Untracked 
|   6|0x0000000085e00000, 0x0000000085e00000, 0x0000000085f00000|  0%| F|  |TAMS 0x0000000085e00000, 0x0000000085e00000| Untracked 
|   7|0x0000000085f00000, 0x0000000085f00000, 0x0000000086000000|  0%| F|  |TAMS 0x0000000085f00000, 0x0000000085f00000| Untracked 
|   8|0x0000000086000000, 0x0000000086000000, 0x0000000086100000|  0%| F|  |TAMS 0x0000000086000000, 0x0000000086000000| Untracked 
|   9|0x0000000086100000, 0x0000000086100000, 0x0000000086200000|  0%| F|  |TAMS 0x0000000086100000, 0x0000000086100000| Untracked 
|  10|0x0000000086200000, 0x0000000086200000, 0x0000000086300000|  0%| F|  |TAMS 0x0000000086200000, 0x0000000086200000| Untracked 
|  11|0x0000000086300000, 0x0000000086300000, 0x0000000086400000|  0%| F|  |TAMS 0x0000000086300000, 0x0000000086300000| Untracked 
|  12|0x0000000086400000, 0x0000000086400000, 0x0000000086500000|  0%| F|  |TAMS 0x0000000086400000, 0x0000000086400000| Untracked 
|  13|0x0000000086500000, 0x0000000086500000, 0x0000000086600000|  0%| F|  |TAMS 0x0000000086500000, 0x0000000086500000| Untracked 
|  14|0x0000000086600000, 0x0000000086600000, 0x0000000086700000|  0%| F|  |TAMS 0x0000000086600000, 0x0000000086600000| Untracked 
|  15|0x0000000086700000, 0x0000000086700000, 0x0000000086800000|  0%| F|  |TAMS 0x0000000086700000, 0x0000000086700000| Untracked 
|  16|0x0000000086800000, 0x0000000086800000, 0x0000000086900000|  0%| F|  |TAMS 0x0000000086800000, 0x0000000086800000| Untracked 
|  17|0x0000000086900000, 0x0000000086900000, 0x0000000086a00000|  0%| F|  |TAMS 0x0000000086900000, 0x0000000086900000| Untracked 
|  18|0x0000000086a00000, 0x0000000086a00000, 0x0000000086b00000|  0%| F|  |TAMS 0x0000000086a00000, 0x0000000086a00000| Untracked 
|  19|0x0000000086b00000, 0x0000000086b00000, 0x0000000086c00000|  0%| F|  |TAMS 0x0000000086b00000, 0x0000000086b00000| Untracked 
|  20|0x0000000086c00000, 0x0000000086c00000, 0x0000000086d00000|  0%| F|  |TAMS 0x0000000086c00000, 0x0000000086c00000| Untracked 
|  21|0x0000000086d00000, 0x0000000086d00000, 0x0000000086e00000|  0%| F|  |TAMS 0x0000000086d00000, 0x0000000086d00000| Untracked 
|  22|0x0000000086e00000, 0x0000000086e00000, 0x0000000086f00000|  0%| F|  |TAMS 0x0000000086e00000, 0x0000000086e00000| Untracked 
|  23|0x0000000086f00000, 0x0000000086f00000, 0x0000000087000000|  0%| F|  |TAMS 0x0000000086f00000, 0x0000000086f00000| Untracked 
|  24|0x0000000087000000, 0x0000000087000000, 0x0000000087100000|  0%| F|  |TAMS 0x0000000087000000, 0x0000000087000000| Untracked 
|  25|0x0000000087100000, 0x0000000087100000, 0x0000000087200000|  0%| F|  |TAMS 0x0000000087100000, 0x0000000087100000| Untracked 
|  26|0x0000000087200000, 0x0000000087200000, 0x0000000087300000|  0%| F|  |TAMS 0x0000000087200000, 0x0000000087200000| Untracked 
|  27|0x0000000087300000, 0x0000000087300000, 0x0000000087400000|  0%| F|  |TAMS 0x0000000087300000, 0x0000000087300000| Untracked 
|  28|0x0000000087400000, 0x0000000087400000, 0x0000000087500000|  0%| F|  |TAMS 0x0000000087400000, 0x0000000087400000| Untracked 
|  29|0x0000000087500000, 0x0000000087500000, 0x0000000087600000|  0%| F|  |TAMS 0x0000000087500000, 0x0000000087500000| Untracked 
|  30|0x0000000087600000, 0x0000000087600000, 0x0000000087700000|  0%| F|  |TAMS 0x0000000087600000, 0x0000000087600000| Untracked 
|  31|0x0000000087700000, 0x0000000087700000, 0x0000000087800000|  0%| F|  |TAMS 0x0000000087700000, 0x0000000087700000| Untracked 
|  32|0x0000000087800000, 0x0000000087800000, 0x0000000087900000|  0%| F|  |TAMS 0x0000000087800000, 0x0000000087800000| Untracked 
|  33|0x0000000087900000, 0x0000000087900000, 0x0000000087a00000|  0%| F|  |TAMS 0x0000000087900000, 0x0000000087900000| Untracked 
|  34|0x0000000087a00000, 0x0000000087a00000, 0x0000000087b00000|  0%| F|  |TAMS 0x0000000087a00000, 0x0000000087a00000| Untracked 
|  35|0x0000000087b00000, 0x0000000087b00000, 0x0000000087c00000|  0%| F|  |TAMS 0x0000000087b00000, 0x0000000087b00000| Untracked 
|  36|0x0000000087c00000, 0x0000000087c00000, 0x0000000087d00000|  0%| F|  |TAMS 0x0000000087c00000, 0x0000000087c00000| Untracked 
|  37|0x0000000087d00000, 0x0000000087d00000, 0x0000000087e00000|  0%| F|  |TAMS 0x0000000087d00000, 0x0000000087d00000| Untracked 
|  38|0x0000000087e00000, 0x0000000087e00000, 0x0000000087f00000|  0%| F|  |TAMS 0x0000000087e00000, 0x0000000087e00000| Untracked 
|  39|0x0000000087f00000, 0x0000000087f00000, 0x0000000088000000|  0%| F|  |TAMS 0x0000000087f00000, 0x0000000087f00000| Untracked 
|  40|0x0000000088000000, 0x0000000088000000, 0x0000000088100000|  0%| F|  |TAMS 0x0000000088000000, 0x0000000088000000| Untracked 
|  41|0x0000000088100000, 0x0000000088100000, 0x0000000088200000|  0%| F|  |TAMS 0x0000000088100000, 0x0000000088100000| Untracked 
|  42|0x0000000088200000, 0x0000000088200000, 0x0000000088300000|  0%| F|  |TAMS 0x0000000088200000, 0x0000000088200000| Untracked 
|  43|0x0000000088300000, 0x0000000088300000, 0x0000000088400000|  0%| F|  |TAMS 0x0000000088300000, 0x0000000088300000| Untracked 
|  44|0x0000000088400000, 0x0000000088400000, 0x0000000088500000|  0%| F|  |TAMS 0x0000000088400000, 0x0000000088400000| Untracked 
|  45|0x0000000088500000, 0x0000000088500000, 0x0000000088600000|  0%| F|  |TAMS 0x0000000088500000, 0x0000000088500000| Untracked 
|  46|0x0000000088600000, 0x0000000088600000, 0x0000000088700000|  0%| F|  |TAMS 0x0000000088600000, 0x0000000088600000| Untracked 
|  47|0x0000000088700000, 0x0000000088700000, 0x0000000088800000|  0%| F|  |TAMS 0x0000000088700000, 0x0000000088700000| Untracked 
|  48|0x0000000088800000, 0x0000000088800000, 0x0000000088900000|  0%| F|  |TAMS 0x0000000088800000, 0x0000000088800000| Untracked 
|  49|0x0000000088900000, 0x0000000088900000, 0x0000000088a00000|  0%| F|  |TAMS 0x0000000088900000, 0x0000000088900000| Untracked 
|  50|0x0000000088a00000, 0x0000000088a00000, 0x0000000088b00000|  0%| F|  |TAMS 0x0000000088a00000, 0x0000000088a00000| Untracked 
|  51|0x0000000088b00000, 0x0000000088b00000, 0x0000000088c00000|  0%| F|  |TAMS 0x0000000088b00000, 0x0000000088b00000| Untracked 
|  52|0x0000000088c00000, 0x0000000088c00000, 0x0000000088d00000|  0%| F|  |TAMS 0x0000000088c00000, 0x0000000088c00000| Untracked 
|  53|0x0000000088d00000, 0x0000000088d00000, 0x0000000088e00000|  0%| F|  |TAMS 0x0000000088d00000, 0x0000000088d00000| Untracked 
|  54|0x0000000088e00000, 0x0000000088e00000, 0x0000000088f00000|  0%| F|  |TAMS 0x0000000088e00000, 0x0000000088e00000| Untracked 
|  55|0x0000000088f00000, 0x0000000088f00000, 0x0000000089000000|  0%| F|  |TAMS 0x0000000088f00000, 0x0000000088f00000| Untracked 
|  56|0x0000000089000000, 0x0000000089000000, 0x0000000089100000|  0%| F|  |TAMS 0x0000000089000000, 0x0000000089000000| Untracked 
|  57|0x0000000089100000, 0x0000000089100000, 0x0000000089200000|  0%| F|  |TAMS 0x0000000089100000, 0x0000000089100000| Untracked 
|  58|0x0000000089200000, 0x0000000089200000, 0x0000000089300000|  0%| F|  |TAMS 0x0000000089200000, 0x0000000089200000| Untracked 
|  59|0x0000000089300000, 0x0000000089300000, 0x0000000089400000|  0%| F|  |TAMS 0x0000000089300000, 0x0000000089300000| Untracked 
|  60|0x0000000089400000, 0x0000000089400000, 0x0000000089500000|  0%| F|  |TAMS 0x0000000089400000, 0x0000000089400000| Untracked 
|  61|0x0000000089500000, 0x0000000089500000, 0x0000000089600000|  0%| F|  |TAMS 0x0000000089500000, 0x0000000089500000| Untracked 
|  62|0x0000000089600000, 0x0000000089600000, 0x0000000089700000|  0%| F|  |TAMS 0x0000000089600000, 0x0000000089600000| Untracked 
|  63|0x0000000089700000, 0x0000000089700000, 0x0000000089800000|  0%| F|  |TAMS 0x0000000089700000, 0x0000000089700000| Untracked 
|  64|0x0000000089800000, 0x0000000089800000, 0x0000000089900000|  0%| F|  |TAMS 0x0000000089800000, 0x0000000089800000| Untracked 
|  65|0x0000000089900000, 0x0000000089900000, 0x0000000089a00000|  0%| F|  |TAMS 0x0000000089900000, 0x0000000089900000| Untracked 
|  66|0x0000000089a00000, 0x0000000089a00000, 0x0000000089b00000|  0%| F|  |TAMS 0x0000000089a00000, 0x0000000089a00000| Untracked 
|  67|0x0000000089b00000, 0x0000000089b00000, 0x0000000089c00000|  0%| F|  |TAMS 0x0000000089b00000, 0x0000000089b00000| Untracked 
|  68|0x0000000089c00000, 0x0000000089c00000, 0x0000000089d00000|  0%| F|  |TAMS 0x0000000089c00000, 0x0000000089c00000| Untracked 
|  69|0x0000000089d00000, 0x0000000089d00000, 0x0000000089e00000|  0%| F|  |TAMS 0x0000000089d00000, 0x0000000089d00000| Untracked 
|  70|0x0000000089e00000, 0x0000000089e00000, 0x0000000089f00000|  0%| F|  |TAMS 0x0000000089e00000, 0x0000000089e00000| Untracked 
|  71|0x0000000089f00000, 0x0000000089f00000, 0x000000008a000000|  0%| F|  |TAMS 0x0000000089f00000, 0x0000000089f00000| Untracked 
|  72|0x000000008a000000, 0x000000008a000000, 0x000000008a100000|  0%| F|  |TAMS 0x000000008a000000, 0x000000008a000000| Untracked 
|  73|0x000000008a100000, 0x000000008a100000, 0x000000008a200000|  0%| F|  |TAMS 0x000000008a100000, 0x000000008a100000| Untracked 
|  74|0x000000008a200000, 0x000000008a200000, 0x000000008a300000|  0%| F|  |TAMS 0x000000008a200000, 0x000000008a200000| Untracked 
|  75|0x000000008a300000, 0x000000008a300000, 0x000000008a400000|  0%| F|  |TAMS 0x000000008a300000, 0x000000008a300000| Untracked 
|  76|0x000000008a400000, 0x000000008a400000, 0x000000008a500000|  0%| F|  |TAMS 0x000000008a400000, 0x000000008a400000| Untracked 
|  77|0x000000008a500000, 0x000000008a500000, 0x000000008a600000|  0%| F|  |TAMS 0x000000008a500000, 0x000000008a500000| Untracked 
|  78|0x000000008a600000, 0x000000008a600000, 0x000000008a700000|  0%| F|  |TAMS 0x000000008a600000, 0x000000008a600000| Untracked 
|  79|0x000000008a700000, 0x000000008a700000, 0x000000008a800000|  0%| F|  |TAMS 0x000000008a700000, 0x000000008a700000| Untracked 
|  80|0x000000008a800000, 0x000000008a800000, 0x000000008a900000|  0%| F|  |TAMS 0x000000008a800000, 0x000000008a800000| Untracked 
|  81|0x000000008a900000, 0x000000008a900000, 0x000000008aa00000|  0%| F|  |TAMS 0x000000008a900000, 0x000000008a900000| Untracked 
|  82|0x000000008aa00000, 0x000000008aa00000, 0x000000008ab00000|  0%| F|  |TAMS 0x000000008aa00000, 0x000000008aa00000| Untracked 
|  83|0x000000008ab00000, 0x000000008ab00000, 0x000000008ac00000|  0%| F|  |TAMS 0x000000008ab00000, 0x000000008ab00000| Untracked 
|  84|0x000000008ac00000, 0x000000008ac00000, 0x000000008ad00000|  0%| F|  |TAMS 0x000000008ac00000, 0x000000008ac00000| Untracked 
|  85|0x000000008ad00000, 0x000000008ad00000, 0x000000008ae00000|  0%| F|  |TAMS 0x000000008ad00000, 0x000000008ad00000| Untracked 
|  86|0x000000008ae00000, 0x000000008ae00000, 0x000000008af00000|  0%| F|  |TAMS 0x000000008ae00000, 0x000000008ae00000| Untracked 
|  87|0x000000008af00000, 0x000000008af00000, 0x000000008b000000|  0%| F|  |TAMS 0x000000008af00000, 0x000000008af00000| Untracked 
|  88|0x000000008b000000, 0x000000008b000000, 0x000000008b100000|  0%| F|  |TAMS 0x000000008b000000, 0x000000008b000000| Untracked 
|  89|0x000000008b100000, 0x000000008b100000, 0x000000008b200000|  0%| F|  |TAMS 0x000000008b100000, 0x000000008b100000| Untracked 
|  90|0x000000008b200000, 0x000000008b200000, 0x000000008b300000|  0%| F|  |TAMS 0x000000008b200000, 0x000000008b200000| Untracked 
|  91|0x000000008b300000, 0x000000008b300000, 0x000000008b400000|  0%| F|  |TAMS 0x000000008b300000, 0x000000008b300000| Untracked 
|  92|0x000000008b400000, 0x000000008b400000, 0x000000008b500000|  0%| F|  |TAMS 0x000000008b400000, 0x000000008b400000| Untracked 
|  93|0x000000008b500000, 0x000000008b500000, 0x000000008b600000|  0%| F|  |TAMS 0x000000008b500000, 0x000000008b500000| Untracked 
|  94|0x000000008b600000, 0x000000008b600000, 0x000000008b700000|  0%| F|  |TAMS 0x000000008b600000, 0x000000008b600000| Untracked 
|  95|0x000000008b700000, 0x000000008b700000, 0x000000008b800000|  0%| F|  |TAMS 0x000000008b700000, 0x000000008b700000| Untracked 
|  96|0x000000008b800000, 0x000000008b800000, 0x000000008b900000|  0%| F|  |TAMS 0x000000008b800000, 0x000000008b800000| Untracked 
|  97|0x000000008b900000, 0x000000008b900000, 0x000000008ba00000|  0%| F|  |TAMS 0x000000008b900000, 0x000000008b900000| Untracked 
|  98|0x000000008ba00000, 0x000000008ba00000, 0x000000008bb00000|  0%| F|  |TAMS 0x000000008ba00000, 0x000000008ba00000| Untracked 
|  99|0x000000008bb00000, 0x000000008bb00000, 0x000000008bc00000|  0%| F|  |TAMS 0x000000008bb00000, 0x000000008bb00000| Untracked 
| 100|0x000000008bc00000, 0x000000008bc00000, 0x000000008bd00000|  0%| F|  |TAMS 0x000000008bc00000, 0x000000008bc00000| Untracked 
| 101|0x000000008bd00000, 0x000000008bd00000, 0x000000008be00000|  0%| F|  |TAMS 0x000000008bd00000, 0x000000008bd00000| Untracked 
| 102|0x000000008be00000, 0x000000008be00000, 0x000000008bf00000|  0%| F|  |TAMS 0x000000008be00000, 0x000000008be00000| Untracked 
| 103|0x000000008bf00000, 0x000000008bf00000, 0x000000008c000000|  0%| F|  |TAMS 0x000000008bf00000, 0x000000008bf00000| Untracked 
| 104|0x000000008c000000, 0x000000008c000000, 0x000000008c100000|  0%| F|  |TAMS 0x000000008c000000, 0x000000008c000000| Untracked 
| 105|0x000000008c100000, 0x000000008c100000, 0x000000008c200000|  0%| F|  |TAMS 0x000000008c100000, 0x000000008c100000| Untracked 
| 106|0x000000008c200000, 0x000000008c200000, 0x000000008c300000|  0%| F|  |TAMS 0x000000008c200000, 0x000000008c200000| Untracked 
| 107|0x000000008c300000, 0x000000008c300000, 0x000000008c400000|  0%| F|  |TAMS 0x000000008c300000, 0x000000008c300000| Untracked 
| 108|0x000000008c400000, 0x000000008c400000, 0x000000008c500000|  0%| F|  |TAMS 0x000000008c400000, 0x000000008c400000| Untracked 
| 109|0x000000008c500000, 0x000000008c500000, 0x000000008c600000|  0%| F|  |TAMS 0x000000008c500000, 0x000000008c500000| Untracked 
| 110|0x000000008c600000, 0x000000008c600000, 0x000000008c700000|  0%| F|  |TAMS 0x000000008c600000, 0x000000008c600000| Untracked 
| 111|0x000000008c700000, 0x000000008c700000, 0x000000008c800000|  0%| F|  |TAMS 0x000000008c700000, 0x000000008c700000| Untracked 
| 112|0x000000008c800000, 0x000000008c800000, 0x000000008c900000|  0%| F|  |TAMS 0x000000008c800000, 0x000000008c800000| Untracked 
| 113|0x000000008c900000, 0x000000008c900000, 0x000000008ca00000|  0%| F|  |TAMS 0x000000008c900000, 0x000000008c900000| Untracked 
| 114|0x000000008ca00000, 0x000000008ca00000, 0x000000008cb00000|  0%| F|  |TAMS 0x000000008ca00000, 0x000000008ca00000| Untracked 
| 115|0x000000008cb00000, 0x000000008cb00000, 0x000000008cc00000|  0%| F|  |TAMS 0x000000008cb00000, 0x000000008cb00000| Untracked 
| 116|0x000000008cc00000, 0x000000008cc00000, 0x000000008cd00000|  0%| F|  |TAMS 0x000000008cc00000, 0x000000008cc00000| Untracked 
| 117|0x000000008cd00000, 0x000000008cd00000, 0x000000008ce00000|  0%| F|  |TAMS 0x000000008cd00000, 0x000000008cd00000| Untracked 
| 118|0x000000008ce00000, 0x000000008ce00000, 0x000000008cf00000|  0%| F|  |TAMS 0x000000008ce00000, 0x000000008ce00000| Untracked 
| 119|0x000000008cf00000, 0x000000008cf00000, 0x000000008d000000|  0%| F|  |TAMS 0x000000008cf00000, 0x000000008cf00000| Untracked 
| 120|0x000000008d000000, 0x000000008d000000, 0x000000008d100000|  0%| F|  |TAMS 0x000000008d000000, 0x000000008d000000| Untracked 
| 121|0x000000008d100000, 0x000000008d100000, 0x000000008d200000|  0%| F|  |TAMS 0x000000008d100000, 0x000000008d100000| Untracked 
| 122|0x000000008d200000, 0x000000008d2431e8, 0x000000008d300000| 26%| E|  |TAMS 0x000000008d200000, 0x000000008d200000| Complete 
| 123|0x000000008d300000, 0x000000008d400000, 0x000000008d400000|100%| E|CS|TAMS 0x000000008d300000, 0x000000008d300000| Complete 

Card table byte_map: [0x000001721e990000,0x000001721ed70000] _byte_map_base: 0x000001721e564000

Marking Bits (Prev, Next): (CMBitMap*) 0x00000172076bb970, (CMBitMap*) 0x00000172076bb9b0
 Prev Bits: [0x000001721f150000, 0x0000017220ff0000)
 Next Bits: [0x0000017220ff0000, 0x0000017222e90000)

Polling page: 0x0000017206e20000

Metaspace:

Usage:
  Non-class:      4.58 MB used.
      Class:    371.27 KB used.
       Both:      4.95 MB used.

Virtual space:
  Non-class space:       64.00 MB reserved,       4.69 MB (  7%) committed,  1 nodes.
      Class space:        1.00 GB reserved,     384.00 KB ( <1%) committed,  1 nodes.
             Both:        1.06 GB reserved,       5.06 MB ( <1%) committed. 

Chunk freelists:
   Non-Class:  3.00 MB
       Class:  3.62 MB
        Both:  6.62 MB

MaxMetaspaceSize: unlimited
CompressedClassSpaceSize: 1.00 GB
Initial GC threshold: 21.00 MB
Current GC threshold: 21.00 MB
CDS: off
MetaspaceReclaimPolicy: balanced
 - commit_granule_bytes: 65536.
 - commit_granule_words: 8192.
 - virtual_space_node_default_size: 8388608.
 - enlarge_chunks_in_place: 1.
 - new_chunks_are_fully_committed: 0.
 - uncommit_free_chunks: 1.
 - use_allocation_guard: 0.


Internal statistics:

num_allocs_failed_limit: 0.
num_arena_births: 4.
num_arena_deaths: 0.
num_vsnodes_births: 2.
num_vsnodes_deaths: 0.
num_space_committed: 81.
num_space_uncommitted: 0.
num_chunks_returned_to_freelist: 0.
num_chunks_taken_from_freelist: 6.
num_chunk_merges: 0.
num_chunk_splits: 3.
num_chunks_enlarged: 0.
num_inconsistent_stats: 0.

CodeHeap 'non-profiled nmethods': size=120000Kb used=11Kb max_used=11Kb free=119988Kb
 bounds [0x0000017217080000, 0x00000172172f0000, 0x000001721e5b0000]
CodeHeap 'profiled nmethods': size=120000Kb used=50Kb max_used=50Kb free=119949Kb
 bounds [0x000001720f5b0000, 0x000001720f820000, 0x0000017216ae0000]
CodeHeap 'non-nmethods': size=5760Kb used=1183Kb max_used=1183Kb free=4576Kb
 bounds [0x0000017216ae0000, 0x0000017216d50000, 0x0000017217080000]
 total_blobs=402 nmethods=45 adapters=268
 compilation: enabled
              stopped_count=0, restarted_count=0
 full_count=0

Compilation events (20 events):
Event: 0.104 Thread 0x000001722956f1d0   27       3       java.lang.StringLatin1::indexOfChar (33 bytes)
Event: 0.105 Thread 0x000001722956f1d0 nmethod 27 0x000001720f5b7f10 code [0x000001720f5b80c0, 0x000001720f5b82f8]
Event: 0.113 Thread 0x000001722956f1d0   28       3       java.util.ImmutableCollections$SetN$SetNIterator::hasNext (13 bytes)
Event: 0.113 Thread 0x000001722956f1d0 nmethod 28 0x000001720f5b8410 code [0x000001720f5b85a0, 0x000001720f5b8718]
Event: 0.113 Thread 0x000001722956f1d0   29       3       java.util.concurrent.ConcurrentHashMap::tabAt (22 bytes)
Event: 0.113 Thread 0x000001722956f1d0 nmethod 29 0x000001720f5b8790 code [0x000001720f5b8940, 0x000001720f5b8c18]
Event: 0.113 Thread 0x000001722956f1d0   31       3       java.util.ImmutableCollections$SetN$SetNIterator::next (90 bytes)
Event: 0.114 Thread 0x000001722956f1d0 nmethod 31 0x000001720f5b8d10 code [0x000001720f5b8ee0, 0x000001720f5b91e8]
Event: 0.114 Thread 0x000001722956f1d0   30       3       jdk.internal.misc.Unsafe::getReferenceAcquire (7 bytes)
Event: 0.114 Thread 0x000001722956f1d0 nmethod 30 0x000001720f5b9390 code [0x000001720f5b9520, 0x000001720f5b9678]
Event: 0.117 Thread 0x000001722956f1d0   32       3       java.util.HashMap::hash (20 bytes)
Event: 0.117 Thread 0x000001722956f1d0 nmethod 32 0x000001720f5b9710 code [0x000001720f5b98c0, 0x000001720f5b9ac8]
Event: 0.125 Thread 0x000001722956f1d0   35   !   3       java.util.concurrent.ConcurrentHashMap::putVal (432 bytes)
Event: 0.126 Thread 0x000001722956f1d0 nmethod 35 0x000001720f5b9b90 code [0x000001720f5b9f00, 0x000001720f5bb9e8]
Event: 0.126 Thread 0x000001722956f1d0   36       3       java.util.concurrent.ConcurrentHashMap$Node::<init> (20 bytes)
Event: 0.127 Thread 0x000001722956f1d0 nmethod 36 0x000001720f5bc390 code [0x000001720f5bc540, 0x000001720f5bc778]
Event: 0.127 Thread 0x000001722956f1d0   38       3       java.lang.StringLatin1::canEncode (13 bytes)
Event: 0.127 Thread 0x000001722956f1d0 nmethod 38 0x000001720f5bc810 code [0x000001720f5bc9a0, 0x000001720f5bcaf8]
Event: 0.133 Thread 0x000001722956f1d0   45       1       java.lang.Enum::ordinal (5 bytes)
Event: 0.133 Thread 0x000001722956f1d0 nmethod 45 0x0000017217082c90 code [0x0000017217082e20, 0x0000017217082ed8]

GC Heap History (0 events):
No events

Dll operation events (2 events):
Event: 0.008 Loaded shared library C:\Program Files\Java\jdk-19\bin\java.dll
Event: 0.052 Loaded shared library C:\Program Files\Java\jdk-19\bin\jsvml.dll

Deoptimization events (0 events):
No events

Classes loaded (20 events):
Event: 0.133 Loading class sun/invoke/util/VerifyType
Event: 0.133 Loading class sun/invoke/util/VerifyType done
Event: 0.133 Loading class sun/invoke/empty/Empty
Event: 0.133 Loading class sun/invoke/empty/Empty done
Event: 0.133 Loading class java/util/ArrayList$Itr
Event: 0.133 Loading class java/util/ArrayList$Itr done
Event: 0.133 Loading class jdk/internal/org/objectweb/asm/FieldWriter
Event: 0.133 Loading class jdk/internal/org/objectweb/asm/FieldVisitor
Event: 0.133 Loading class jdk/internal/org/objectweb/asm/FieldVisitor done
Event: 0.133 Loading class jdk/internal/org/objectweb/asm/FieldWriter done
Event: 0.133 Loading class jdk/internal/org/objectweb/asm/Attribute
Event: 0.134 Loading class jdk/internal/org/objectweb/asm/Attribute done
Event: 0.134 Loading class jdk/internal/org/objectweb/asm/Handler
Event: 0.134 Loading class jdk/internal/org/objectweb/asm/Handler done
Event: 0.134 Loading class java/lang/invoke/MethodHandles$Lookup$ClassFile
Event: 0.134 Loading class java/lang/invoke/MethodHandles$Lookup$ClassFile done
Event: 0.134 Loading class java/lang/invoke/MethodHandles$Lookup$ClassOption
Event: 0.134 Loading class java/lang/invoke/MethodHandles$Lookup$ClassOption done
Event: 0.134 Loading class java/lang/invoke/MethodHandles$Lookup$ClassDefiner
Event: 0.134 Loading class java/lang/invoke/MethodHandles$Lookup$ClassDefiner done

Classes unloaded (0 events):
No events

Classes redefined (0 events):
No events

Internal exceptions (0 events):
No events

VM Operations (0 events):
No events

Events (10 events):
Event: 0.052 Thread 0x000001720765cce0 Thread added: 0x000001720765cce0
Event: 0.079 Thread 0x0000017229541550 Thread added: 0x0000017229541550
Event: 0.079 Thread 0x0000017229542e90 Thread added: 0x0000017229542e90
Event: 0.080 Thread 0x000001722955e990 Thread added: 0x000001722955e990
Event: 0.081 Thread 0x000001722955f2c0 Thread added: 0x000001722955f2c0
Event: 0.081 Thread 0x0000017229561c00 Thread added: 0x0000017229561c00
Event: 0.081 Thread 0x0000017229562940 Thread added: 0x0000017229562940
Event: 0.081 Thread 0x000001722954b0d0 Thread added: 0x000001722954b0d0
Event: 0.081 Thread 0x000001722956f1d0 Thread added: 0x000001722956f1d0
Event: 0.081 Thread 0x0000017229579320 Thread added: 0x0000017229579320


Dynamic libraries:
0x00007ff676340000 - 0x00007ff676350000 	C:\Program Files\Java\jdk-19\bin\java.exe
0x00007ff9e7590000 - 0x00007ff9e77a6000 	C:\WINDOWS\SYSTEM32\ntdll.dll
0x00007ff9e60b0000 - 0x00007ff9e6174000 	C:\WINDOWS\System32\KERNEL32.DLL
0x00007ff9e4c30000 - 0x00007ff9e4fd6000 	C:\WINDOWS\System32\KERNELBASE.dll
0x00007ff9e51c0000 - 0x00007ff9e52d1000 	C:\WINDOWS\System32\ucrtbase.dll
0x00007ff9c11e0000 - 0x00007ff9c11f8000 	C:\Program Files\Java\jdk-19\bin\jli.dll
0x00007ff9e7490000 - 0x00007ff9e7542000 	C:\WINDOWS\System32\ADVAPI32.dll
0x00007ff9e1400000 - 0x00007ff9e141b000 	C:\Program Files\Java\jdk-19\bin\VCRUNTIME140.dll
0x00007ff9e52e0000 - 0x00007ff9e5387000 	C:\WINDOWS\System32\msvcrt.dll
0x00007ff9e5390000 - 0x00007ff9e5438000 	C:\WINDOWS\System32\sechost.dll
0x00007ff9e4bd0000 - 0x00007ff9e4bf8000 	C:\WINDOWS\System32\bcrypt.dll
0x00007ff9e6b90000 - 0x00007ff9e6ca5000 	C:\WINDOWS\System32\RPCRT4.dll
0x00007ff9e69e0000 - 0x00007ff9e6b8d000 	C:\WINDOWS\System32\USER32.dll
0x00007ff9e4c00000 - 0x00007ff9e4c26000 	C:\WINDOWS\System32\win32u.dll
0x00007ff9e69b0000 - 0x00007ff9e69d9000 	C:\WINDOWS\System32\GDI32.dll
0x00007ff9c6300000 - 0x00007ff9c6593000 	C:\WINDOWS\WinSxS\amd64_microsoft.windows.common-controls_6595b64144ccf1df_6.0.22621.3235_none_270f74e173860f98\COMCTL32.dll
0x00007ff9e4ab0000 - 0x00007ff9e4bc8000 	C:\WINDOWS\System32\gdi32full.dll
0x00007ff9e48d0000 - 0x00007ff9e496a000 	C:\WINDOWS\System32\msvcp_win.dll
0x00007ff9d8800000 - 0x00007ff9d880a000 	C:\WINDOWS\SYSTEM32\VERSION.dll
0x00007ff9e5d20000 - 0x00007ff9e5d51000 	C:\WINDOWS\System32\IMM32.DLL
0x00007ff9d70b0000 - 0x00007ff9d70bc000 	C:\Program Files\Java\jdk-19\bin\vcruntime140_1.dll
0x00007ff9a7590000 - 0x00007ff9a761e000 	C:\Program Files\Java\jdk-19\bin\msvcp140.dll
0x00007ff98bbf0000 - 0x00007ff98c8b0000 	C:\Program Files\Java\jdk-19\bin\server\jvm.dll
0x00007ff9d88f0000 - 0x00007ff9d8924000 	C:\WINDOWS\SYSTEM32\WINMM.dll
0x00007ff9be530000 - 0x00007ff9be539000 	C:\WINDOWS\SYSTEM32\WSOCK32.dll
0x00007ff9e6f80000 - 0x00007ff9e6ff1000 	C:\WINDOWS\System32\WS2_32.dll
0x00007ff9e38e0000 - 0x00007ff9e38f8000 	C:\WINDOWS\SYSTEM32\kernel.appcore.dll
0x00007ff9d49c0000 - 0x00007ff9d49ca000 	C:\Program Files\Java\jdk-19\bin\jimage.dll
0x00007ff9e2140000 - 0x00007ff9e2373000 	C:\WINDOWS\SYSTEM32\DBGHELP.DLL
0x00007ff9e6180000 - 0x00007ff9e6508000 	C:\WINDOWS\System32\combase.dll
0x00007ff9e6d30000 - 0x00007ff9e6e07000 	C:\WINDOWS\System32\OLEAUT32.dll
0x00007ff9c0990000 - 0x00007ff9c09c2000 	C:\WINDOWS\SYSTEM32\dbgcore.DLL
0x00007ff9e4a30000 - 0x00007ff9e4aaa000 	C:\WINDOWS\System32\bcryptPrimitives.dll
0x00007ff9c2270000 - 0x00007ff9c2296000 	C:\Program Files\Java\jdk-19\bin\java.dll
0x00007ff9c1220000 - 0x00007ff9c12f7000 	C:\Program Files\Java\jdk-19\bin\jsvml.dll
0x00007ff9e54c0000 - 0x00007ff9e5d1d000 	C:\WINDOWS\System32\SHELL32.dll
0x00007ff9e27e0000 - 0x00007ff9e30d8000 	C:\WINDOWS\SYSTEM32\windows.storage.dll
0x00007ff9e26a0000 - 0x00007ff9e27de000 	C:\WINDOWS\SYSTEM32\wintypes.dll
0x00007ff9e66b0000 - 0x00007ff9e67a3000 	C:\WINDOWS\System32\SHCORE.dll
0x00007ff9e5460000 - 0x00007ff9e54be000 	C:\WINDOWS\System32\shlwapi.dll
0x00007ff9e4800000 - 0x00007ff9e4826000 	C:\WINDOWS\SYSTEM32\profapi.dll

dbghelp: loaded successfully - version: 4.0.5 - missing functions: none
symbol engine: initialized successfully - sym options: 0x614 - pdb path: .;C:\Program Files\Java\jdk-19\bin;C:\WINDOWS\SYSTEM32;C:\WINDOWS\WinSxS\amd64_microsoft.windows.common-controls_6595b64144ccf1df_6.0.22621.3235_none_270f74e173860f98;C:\Program Files\Java\jdk-19\bin\server

VM Arguments:
jvm_args: -Dfile.encoding=UTF-8 --module-path=C:\Users\sharm\Documents\NetBeansProjects\bank management system\build\classes 
java_command: bank.management.system.Transactions
java_class_path (initial): C:\Users\sharm\Documents\NetBeansProjects\jcalendar-tz-1.3.3-4.jar;C:\Users\sharm\Documents\NetBeansProjects\mysql-connector-java-8.0.28.jar;C:\Users\sharm\Documents\NetBeansProjects\bank management system\build\classes
Launcher Type: SUN_STANDARD

[Global flags]
     intx CICompilerCount                          = 3                                         {product} {ergonomic}
     uint ConcGCThreads                            = 1                                         {product} {ergonomic}
     uint G1ConcRefinementThreads                  = 4                                         {product} {ergonomic}
   size_t G1HeapRegionSize                         = 1048576                                   {product} {ergonomic}
    uintx GCDrainStackTargetSize                   = 64                                        {product} {ergonomic}
   size_t InitialHeapSize                          = 130023424                                 {product} {ergonomic}
   size_t MarkStackSize                            = 4194304                                   {product} {ergonomic}
   size_t MaxHeapSize                              = 2055208960                                {product} {ergonomic}
   size_t MaxNewSize                               = 1233125376                                {product} {ergonomic}
   size_t MinHeapDeltaBytes                        = 1048576                                   {product} {ergonomic}
   size_t MinHeapSize                              = 8388608                                   {product} {ergonomic}
    uintx NonNMethodCodeHeapSize                   = 5832780                                {pd product} {ergonomic}
    uintx NonProfiledCodeHeapSize                  = 122912730                              {pd product} {ergonomic}
    uintx ProfiledCodeHeapSize                     = 122912730                              {pd product} {ergonomic}
    uintx ReservedCodeCacheSize                    = 251658240                              {pd product} {ergonomic}
     bool SegmentedCodeCache                       = true                                      {product} {ergonomic}
   size_t SoftMaxHeapSize                          = 2055208960                             {manageable} {ergonomic}
     bool UseCompressedClassPointers               = true                           {product lp64_product} {ergonomic}
     bool UseCompressedOops                        = true                           {product lp64_product} {ergonomic}
     bool UseG1GC                                  = true                                      {product} {ergonomic}
     bool UseLargePagesIndividualAllocation        = false                                  {pd product} {ergonomic}

Logging:
Log output configuration:
 #0: stdout all=warning uptime,level,tags foldmultilines=false
 #1: stderr all=off uptime,level,tags foldmultilines=false

Environment Variables:
PATH=C:\Program Files\Common Files\Oracle\Java\javapath;C:\ProgramData\Oracle\Java\javapath;C:\WINDOWS\system32;C:\WINDOWS;C:\WINDOWS\System32\Wbem;C:\WINDOWS\System32\WindowsPowerShell\v1.0\;C:\WINDOWS\System32\OpenSSH\;C:\MinGW\bin;C:\Program Files\MySQL\MySQL Shell 8.0\bin\;C:\Users\sharm\AppData\Local\Microsoft\WindowsApps;C:\Users\sharm\AppData\Local\Programs\Microsoft VS Code\bin;C:\MinGW\bin;;C:\Program Files\JetBrains\IntelliJ IDEA Community Edition 2022.2.3\bin;;C:\Program Files\JetBrains\IntelliJ IDEA Educational Edition 2022.2.2\bin;
USERNAME=AADIT
OS=Windows_NT
PROCESSOR_IDENTIFIER=Intel64 Family 6 Model 140 Stepping 2, GenuineIntel
TMP=C:\Users\sharm\AppData\Local\Temp
TEMP=C:\Users\sharm\AppData\Local\Temp



---------------  S Y S T E M  ---------------

OS:
 Windows 11 , 64 bit Build 22621 (10.0.22621.3235)
OS uptime: 0 days 15:05 hours
Hyper-V role detected

CPU: total 4 (initial active 4) (2 cores per cpu, 2 threads per core) family 6 model 140 stepping 2 microcode 0x34, cx8, cmov, fxsr, ht, mmx, 3dnowpref, sse, sse2, sse3, ssse3, sse4.1, sse4.2, popcnt, lzcnt, tsc, tscinvbit, avx, avx2, aes, erms, clmul, bmi1, bmi2, adx, avx512f, avx512dq, avx512cd, avx512bw, avx512vl, sha, fma, vzeroupper, avx512_vpopcntdq, avx512_vpclmulqdq, avx512_vaes, avx512_vnni, clflush, clflushopt, clwb, avx512_vbmi2, avx512_vbmi, hv, rdtscp, rdpid, fsrm, gfni, avx512_bitalg

Memory: 4k page, system-wide physical 7835M (3211M free)
TotalPageFile size 28801M (AvailPageFile size 1M)
current process WorkingSet (physical memory assigned to process): 27M, peak: 27M
current process commit charge ("private bytes"): 191M, peak: 193M

vm_info: Java HotSpot(TM) 64-Bit Server VM (19+36-2238) for windows-amd64 JRE (19+36-2238), built on 2022-08-12T20:29:01Z by "mach5one" with MS VC++ 17.1 (VS2022)

END.
